{"id":"28eabec1-a9b6-4258-b7c6-b7bc1e98ad8d","platform":"Facebook","type":"create_account","location":"CHINA","content":"Smith John","metadata":{"tags":{"1":"biolab"},"views":0,"shares":0,"likes":0,"popularity":0.0}}
{"id":"ae3333d6-f10a-449d-9761-509dfae84b90","platform":"Facebook","type":"follow_users","location":"CHINA","content":"Follow Jane Smith","metadata":{"tags":{"1":"biolab"},"views":0,"shares":0,"likes":0,"popularity":0.0}}
{"id":"0d776046-36db-45a1-ab58-eac5a517f53d","platform":"Facebook","type":"post","location":"CHINA","content":"(???)","metadata":{"tags":{"1":"biolab"},"views":0,"shares":0,"likes":0,"popularity":0.0}}
{"id":"a93b8c9d-cba2-4c01-a4cf-09fea0baa4a0","platform":"Facebook","type":"post","location":"CHINA","content":"Do you think they created C19?","metadata":{"tags":{"1":"biolab"},"views":0,"shares":0,"likes":0,"popularity":0.0}}
{"id":"92c7386a-66bc-4a50-88ce-979334754b76","platform":"Facebook","type":"post","location":"CHINA","content":"Join Me!","metadata":{"tags":{"1":"biolab"},"views":0,"shares":0,"likes":0,"popularity":0.0}}
{"id":"16d175c1-eb96-41a4-a239-f2ade8cabb29","platform":"Facebook","type":"post","location":"CHINA","content":"What are your thoughts on the biolabs?","metadata":{"tags":{"1":"biolab"},"views":0,"shares":0,"likes":0,"popularity":0.0}}
{"id":"0817cf63-337a-4721-ac94-8e6196bc1bce","platform":"Facebook","type":"create_account","location":"GAMMA","content":"John Smith","metadata":{"tags":{"1":"neo_nazi"},"views":0,"shares":0,"likes":0,"popularity":0.0}}
{"id":"3c2dde08-2e3a-43c9-961c-e408666f9d94","platform":"Facebook","type":"follow_users","location":"GAMMA","content":"Follow Jane Smith","metadata":{"tags":{"1":"neo_nazi"},"views":0,"shares":0,"likes":0,"popularity":0.0}}
{"id":"fe6345d8-3b56-4126-acd6-3e8431cbc8e8","platform":"Facebook","type":"post","location":"GAMMA","content":"This country is being controlled by US!","metadata":{"likes":1,"views":1,"popularity":0.08054237}}
{"id":"12b2ec2e-4cc8-4413-a3ee-c8a5e3aafa46","platform":"Facebook","type":"post","location":"GAMMA","content":"Would you like to see our country free again?","metadata":{"tags":{"1":"neo_nazi"},"views":0,"shares":0,"likes":0,"popularity":0.0}}
{"id":"5624478f-668e-48c8-9522-6c7dcec677a0","platform":"Facebook","type":"post","location":"GAMMA","content":"(???)","metadata":{"tags":{"1":"neo_nazi"},"views":0,"shares":0,"likes":0,"popularity":0.0}}
{"id":"72aa1ee6-4b02-4901-8381-587de1f9cdab","platform":"Facebook","type":"create_account","location":"DELTA","content":"Smith John","metadata":{"tags":{"1":"biolab"},"views":0,"shares":0,"likes":0,"popularity":0.0}}
{"id":"9a270ed9-4524-4ab4-88a9-0de05e159980","platform":"Facebook","type":"follow_users","location":"DELTA","content":"Follow Jane Smith","metadata":{"tags":{"1":"biolab"},"views":0,"shares":0,"likes":0,"popularity":0.0}}
{"id":"94d5a38b-be12-48f6-93c3-68e10c1998d8","platform":"Facebook","type":"post","location":"DELTA","content":"(???)","metadata":{"tags":{"1":"biolab"},"views":0,"shares":0,"likes":0,"popularity":0.0}}
{"id":"db3e1155-7669-4d3b-824c-2104f6b5a37f","platform":"Facebook","type":"post","location":"DELTA","content":"Do you think they created C19?","metadata":{"tags":{"1":"biolab"},"views":0,"shares":0,"likes":0,"popularity":0.0}}
{"id":"0af5f96f-3b2d-4c80-9401-81242564bc7a","platform":"Facebook","type":"post","location":"DELTA","content":"Join Me!","metadata":{"tags":{"1":"biolab"},"views":0,"shares":0,"likes":0,"popularity":0.0}}
{"id":"9e340e56-d319-48e7-8fd0-5874aa71b232","platform":"Facebook","type":"post","location":"DELTA","content":"What are your thoughts on the biolabs?","metadata":{"tags":{"1":"biolab"},"views":0,"shares":0,"likes":0,"popularity":0.0}}
{"id":"029b6121-ee9f-4099-a738-03c578626050","platform":"Facebook","type":"create_account","location":"RUSSIA","content":"John Smith","metadata":{"tags":{"1":"neo_nazi"},"views":0,"shares":0,"likes":0,"popularity":0.0}}
{"id":"126336d0-9b0b-4062-b165-94cea856adaf","platform":"Facebook","type":"follow_users","location":"RUSSIA","content":"Follow Jane Smith","metadata":{"tags":{"1":"neo_nazi"},"views":0,"shares":0,"likes":0,"popularity":0.0}}
{"id":"2b95ecc7-d6f9-4e7b-978f-0c2219e243e6","platform":"Facebook","type":"post","location":"RUSSIA","content":"This country is being controlled by US!","metadata":{"likes":179,"views":342,"popularity":0.7231991}}
{"id":"74418e54-ecb7-4d7a-bbe9-e7a6503cc3d8","platform":"Facebook","type":"post","location":"RUSSIA","content":"Would you like to see our country free again?","metadata":{"tags":{"1":"neo_nazi"},"views":0,"shares":0,"likes":0,"popularity":0.0}}
{"id":"1e180b1c-f1a7-4fa6-b800-04ed907bba4d","platform":"Facebook","type":"post","location":"RUSSIA","content":"(???)","metadata":{"tags":{"1":"neo_nazi"},"views":0,"shares":0,"likes":0,"popularity":0.0}}
{"id":"37b711ee-cc09-42c9-bb09-f547614267ba","platform":"Facebook","type":"create_account","location":"DELTA","content":"Smith John","metadata":{"tags":{"1":"biolab"},"views":0,"shares":0,"likes":0,"popularity":0.0}}
{"id":"476d4f3e-9349-47b3-a2f4-8fca5f70099a","platform":"Facebook","type":"follow_users","location":"DELTA","content":"Follow Jane Smith","metadata":{"tags":{"1":"biolab"},"views":0,"shares":0,"likes":0,"popularity":0.0}}
{"id":"a221b0c7-c1e7-46fd-90b5-a116f1f70aeb","platform":"Facebook","type":"post","location":"DELTA","content":"(???)","metadata":{"tags":{"1":"biolab"},"views":0,"shares":0,"likes":0,"popularity":0.0}}
{"id":"60ec12a0-fd18-4afa-a911-d4eac8221f5c","platform":"Facebook","type":"post","location":"DELTA","content":"Do you think they created C19?","metadata":{"tags":{"1":"biolab"},"views":0,"shares":0,"likes":0,"popularity":0.0}}
{"id":"72e26346-de5b-4cdb-919e-2bd7f5e22748","platform":"Facebook","type":"post","location":"DELTA","content":"Join Me!","metadata":{"tags":{"1":"biolab"},"views":0,"shares":0,"likes":0,"popularity":0.0}}
{"id":"5d05e14f-49cc-476c-aca8-7b17d388955c","platform":"Facebook","type":"post","location":"DELTA","content":"What are your thoughts on the biolabs?","metadata":{"tags":{"1":"biolab"},"views":0,"shares":0,"likes":0,"popularity":0.0}}
{"id":"bcb74238-6bf2-4c06-a3d4-f9d2b9c25163","platform":"Facebook","type":"create_account","location":"RUSSIA","content":"John Smith","metadata":{"tags":{"1":"neo_nazi"},"views":0,"shares":0,"likes":0,"popularity":0.0}}
{"id":"de47fdf1-9ada-493b-8ce4-57713b08e228","platform":"Facebook","type":"follow_users","location":"RUSSIA","content":"Follow Jane Smith","metadata":{"tags":{"1":"neo_nazi"},"views":0,"shares":0,"likes":0,"popularity":0.0}}
{"id":"341b3229-50dc-4ffc-b301-128bf59c220e","platform":"Facebook","type":"post","location":"RUSSIA","content":"This country is being controlled by US!","metadata":{"likes":35,"views":51,"popularity":0.30307546}}
{"id":"aacb92d0-ee1e-4655-8060-36eaa38c0ddb","platform":"Facebook","type":"post","location":"RUSSIA","content":"Would you like to see our country free again?","metadata":{"tags":{"1":"neo_nazi"},"views":0,"shares":0,"likes":0,"popularity":0.0}}
{"id":"1f5a5e44-cd51-4e2f-9d2d-1d7179d9c315","platform":"Facebook","type":"post","location":"RUSSIA","content":"(???)","metadata":{"tags":{"1":"neo_nazi"},"views":0,"shares":0,"likes":0,"popularity":0.0}}
{"id":"2c981cc7-d757-4569-9f5e-4f0642a40925","platform":"Facebook","type":"create_account","location":"DELTA","content":"John Smith","metadata":{"tags":{"1":"neo_nazi"},"views":0,"shares":0,"likes":0,"popularity":0.0}}
{"id":"a8ac15b0-57b8-488f-bdde-d064401c0195","platform":"Facebook","type":"follow_users","location":"DELTA","content":"Follow Jane Smith","metadata":{"tags":{"1":"neo_nazi"},"views":0,"shares":0,"likes":0,"popularity":0.0}}
{"id":"4781bd33-5fdf-408f-95e7-d0448e137b37","platform":"Facebook","type":"post","location":"DELTA","content":"This country is being controlled by US!","metadata":{"likes":44,"views":219,"popularity":0.29133853}}
{"id":"1215146b-a26f-4b8e-b786-22c4c5a1eee4","platform":"Facebook","type":"post","location":"DELTA","content":"Would you like to see our country free again?","metadata":{"tags":{"1":"neo_nazi"},"views":0,"shares":0,"likes":0,"popularity":0.0}}
{"id":"b1174bf6-f8f6-4fd5-9ab9-85859cb5bc34","platform":"Facebook","type":"post","location":"DELTA","content":"(???)","metadata":{"tags":{"1":"neo_nazi"},"views":0,"shares":0,"likes":0,"popularity":0.0}}
{"id":"ea8257ed-0153-47ef-b257-9efb7f045e53","platform":"Facebook","type":"create_account","location":"RUSSIA","content":"John Smith","metadata":{"tags":{"1":"neo_nazi"},"views":0,"shares":0,"likes":0,"popularity":0.0}}
{"id":"84407d17-7468-4066-990b-142260e0ec1c","platform":"Facebook","type":"follow_users","location":"RUSSIA","content":"Follow Jane Smith","metadata":{"tags":{"1":"neo_nazi"},"views":0,"shares":0,"likes":0,"popularity":0.0}}
{"id":"3be244b8-1d04-4483-a95b-45841527bb93","platform":"Facebook","type":"post","location":"RUSSIA","content":"This country is being controlled by US!","metadata":{"likes":104,"views":195,"popularity":0.37428874}}
{"id":"b51af956-b965-4b07-9eb1-fbc05c43d6fa","platform":"Facebook","type":"post","location":"RUSSIA","content":"Would you like to see our country free again?","metadata":{"tags":{"1":"neo_nazi"},"views":0,"shares":0,"likes":0,"popularity":0.0}}
{"id":"d76b60d5-bb67-4a43-980a-6dc370150092","platform":"Facebook","type":"post","location":"RUSSIA","content":"(???)","metadata":{"tags":{"1":"neo_nazi"},"views":0,"shares":0,"likes":0,"popularity":0.0}}
{"id":"7e307263-a646-4e71-a800-8f81d8bb880b","platform":"Facebook","type":"create_account","location":"DELTA","content":"Smith John","metadata":{"tags":{"1":"biolab"},"views":0,"shares":0,"likes":0,"popularity":0.0}}
{"id":"22cdc6a8-3c18-4a53-bd6c-af1cf31e2c0d","platform":"Facebook","type":"follow_users","location":"DELTA","content":"Follow Jane Smith","metadata":{"tags":{"1":"biolab"},"views":0,"shares":0,"likes":0,"popularity":0.0}}
{"id":"3a32e2db-9d47-43e6-895a-f831bdd02608","platform":"Facebook","type":"post","location":"DELTA","content":"(???)","metadata":{"tags":{"1":"biolab"},"views":0,"shares":0,"likes":0,"popularity":0.0}}
{"id":"c21f511a-9067-4c3b-ac05-efe13e54855d","platform":"Facebook","type":"post","location":"DELTA","content":"Do you think they created C19?","metadata":{"tags":{"1":"biolab"},"views":0,"shares":0,"likes":0,"popularity":0.0}}
{"id":"627993f6-d7bb-44a9-9d00-324cba60ce98","platform":"Facebook","type":"post","location":"DELTA","content":"Join Me!","metadata":{"tags":{"1":"biolab"},"views":0,"shares":0,"likes":0,"popularity":0.0}}
{"id":"6f3c7818-ccbf-4aae-881a-373a9078e7c7","platform":"Facebook","type":"post","location":"DELTA","content":"What are your thoughts on the biolabs?","metadata":{"tags":{"1":"biolab"},"views":0,"shares":0,"likes":0,"popularity":0.0}}
{"id":"92282d73-f0ad-4dff-bdbc-b421e4aa1662","platform":"Facebook","type":"create_account","location":"DELTA","content":"John Smith","metadata":{"tags":{"1":"neo_nazi"},"views":0,"shares":0,"likes":0,"popularity":0.0}}
{"id":"8f7ba0f5-1417-4568-9093-4d2cc583c74f","platform":"Facebook","type":"follow_users","location":"DELTA","content":"Follow Jane Smith","metadata":{"tags":{"1":"neo_nazi"},"views":0,"shares":0,"likes":0,"popularity":0.0}}
{"id":"6c3ef86b-7131-4ce2-bb5f-6714959e912c","platform":"Facebook","type":"post","location":"DELTA","content":"This country is being controlled by US!","metadata":{"likes":12,"views":35,"popularity":0.1109781}}
{"id":"105d6229-8b34-4129-b459-2bf23c89c644","platform":"Facebook","type":"post","location":"DELTA","content":"Would you like to see our country free again?","metadata":{"tags":{"1":"neo_nazi"},"views":0,"shares":0,"likes":0,"popularity":0.0}}
{"id":"4efda0ee-17bb-474a-8c3c-ff32bb4461c4","platform":"Facebook","type":"post","location":"DELTA","content":"(???)","metadata":{"tags":{"1":"neo_nazi"},"views":0,"shares":0,"likes":0,"popularity":0.0}}
{"id":"e3c26568-6199-42d2-926c-e5cb1dba5ddb","platform":"Facebook","type":"create_account","location":"GAMMA","content":"John Smith","metadata":{"tags":{"1":"neo_nazi"},"views":0,"shares":0,"likes":0,"popularity":0.0}}
{"id":"24f91bfa-3f48-4c4e-bd31-130bc22ccfbc","platform":"Facebook","type":"follow_users","location":"GAMMA","content":"Follow Jane Smith","metadata":{"tags":{"1":"neo_nazi"},"views":0,"shares":0,"likes":0,"popularity":0.0}}
{"id":"b19cbc22-0ca2-42c6-bb23-454390c644fe","platform":"Facebook","type":"post","location":"GAMMA","content":"This country is being controlled by US!","metadata":{"likes":201,"views":316,"popularity":0.61934185}}
{"id":"50a71b23-bb81-4a59-b348-4f016d60a984","platform":"Facebook","type":"post","location":"GAMMA","content":"Would you like to see our country free again?","metadata":{"tags":{"1":"neo_nazi"},"views":0,"shares":0,"likes":0,"popularity":0.0}}
{"id":"032d05eb-bfc8-4bbd-833d-7bfa7913fa71","platform":"Facebook","type":"post","location":"GAMMA","content":"(???)","metadata":{"tags":{"1":"neo_nazi"},"views":0,"shares":0,"likes":0,"popularity":0.0}}
{"id":"923e8d4f-4b30-4ff7-a5b3-9d3ce207fd4d","platform":"Facebook","type":"create_account","location":"DELTA","content":"Smith John","metadata":{"tags":{"1":"biolab"},"views":0,"shares":0,"likes":0,"popularity":0.0}}
{"id":"8004469c-56a5-41d9-99f3-0a375ae40ff1","platform":"Facebook","type":"follow_users","location":"DELTA","content":"Follow Jane Smith","metadata":{"tags":{"1":"biolab"},"views":0,"shares":0,"likes":0,"popularity":0.0}}
{"id":"2f9e1829-e96c-4f4f-a22e-0b47090c62d5","platform":"Facebook","type":"post","location":"DELTA","content":"(???)","metadata":{"tags":{"1":"biolab"},"views":0,"shares":0,"likes":0,"popularity":0.0}}
{"id":"70bacc4b-4f4a-4879-8858-718cbf57c229","platform":"Facebook","type":"post","location":"DELTA","content":"Do you think they created C19?","metadata":{"tags":{"1":"biolab"},"views":0,"shares":0,"likes":0,"popularity":0.0}}
{"id":"c98c6d3a-71ac-4488-9081-7345a349628a","platform":"Facebook","type":"post","location":"DELTA","content":"Join Me!","metadata":{"tags":{"1":"biolab"},"views":0,"shares":0,"likes":0,"popularity":0.0}}
{"id":"67e81006-c49a-49f0-9531-02f39e95dfd0","platform":"Facebook","type":"post","location":"DELTA","content":"What are your thoughts on the biolabs?","metadata":{"tags":{"1":"biolab"},"views":0,"shares":0,"likes":0,"popularity":0.0}}
{"id":"80c4ed7d-69a2-470d-b3e8-d15f70b5ac03","platform":"Facebook","type":"create_account","location":"GAMMA","content":"John Smith","metadata":{"tags":{"1":"neo_nazi"},"views":0,"shares":0,"likes":0,"popularity":0.0}}
{"id":"121d7315-8cc1-480e-a290-ddead59790c0","platform":"Facebook","type":"follow_users","location":"GAMMA","content":"Follow Jane Smith","metadata":{"tags":{"1":"neo_nazi"},"views":0,"shares":0,"likes":0,"popularity":0.0}}
{"id":"052b423a-7c14-466b-8180-14ba8bbf5665","platform":"Facebook","type":"post","location":"GAMMA","content":"This country is being controlled by US!","metadata":{"likes":116,"views":544,"popularity":0.8624743}}
{"id":"9d310647-4934-495b-8fc0-84935e167d8d","platform":"Facebook","type":"post","location":"GAMMA","content":"Would you like to see our country free again?","metadata":{"tags":{"1":"neo_nazi"},"views":0,"shares":0,"likes":0,"popularity":0.0}}
{"id":"fea42d4e-4a9c-43f9-a5ed-b7f7f6f06957","platform":"Facebook","type":"post","location":"GAMMA","content":"(???)","metadata":{"tags":{"1":"neo_nazi"},"views":0,"shares":0,"likes":0,"popularity":0.0}}
{"id":"abf73826-6d26-4c5d-af88-7392dc86c9e4","platform":"Facebook","type":"create_account","location":"DELTA","content":"John Smith","metadata":{"tags":{"1":"neo_nazi"},"views":0,"shares":0,"likes":0,"popularity":0.0}}
{"id":"7f5ec510-b4fb-483f-a639-ec3c4e746a82","platform":"Facebook","type":"follow_users","location":"DELTA","content":"Follow Jane Smith","metadata":{"tags":{"1":"neo_nazi"},"views":0,"shares":0,"likes":0,"popularity":0.0}}
{"id":"64812e2f-d107-4ff4-a2d7-3529b31d7931","platform":"Facebook","type":"post","location":"DELTA","content":"This country is being controlled by US!","metadata":{"likes":98,"views":120,"popularity":0.1930996}}
{"id":"d76c4076-4f2b-45cd-b746-2a52f39865ff","platform":"Facebook","type":"post","location":"DELTA","content":"Would you like to see our country free again?","metadata":{"tags":{"1":"neo_nazi"},"views":0,"shares":0,"likes":0,"popularity":0.0}}
{"id":"8a5e2551-5dc3-44f3-b5dd-316c3b2512f1","platform":"Facebook","type":"post","location":"DELTA","content":"(???)","metadata":{"tags":{"1":"neo_nazi"},"views":0,"shares":0,"likes":0,"popularity":0.0}}
{"id":"18eb6256-0930-43c4-b256-6ffe3356d781","platform":"Facebook","type":"create_account","location":"GAMMA","content":"Smith John","metadata":{"tags":{"1":"biolab"},"views":0,"shares":0,"likes":0,"popularity":0.0}}
{"id":"8a3fcc78-b43d-4fe6-a6ca-35f6dc841a99","platform":"Facebook","type":"follow_users","location":"GAMMA","content":"Follow Jane Smith","metadata":{"tags":{"1":"biolab"},"views":0,"shares":0,"likes":0,"popularity":0.0}}
{"id":"a0129133-583b-4249-a130-f54d95153015","platform":"Facebook","type":"post","location":"GAMMA","content":"(???)","metadata":{"tags":{"1":"biolab"},"views":0,"shares":0,"likes":0,"popularity":0.0}}
{"id":"417043fc-884d-465e-bce6-51ade966952e","platform":"Facebook","type":"post","location":"GAMMA","content":"Do you think they created C19?","metadata":{"tags":{"1":"biolab"},"views":0,"shares":0,"likes":0,"popularity":0.0}}
{"id":"9732195a-00e0-4ac0-9c01-08fe293b51f9","platform":"Facebook","type":"post","location":"GAMMA","content":"Join Me!","metadata":{"tags":{"1":"biolab"},"views":0,"shares":0,"likes":0,"popularity":0.0}}
{"id":"e373f40d-ea33-4558-b120-f7dfbce05c10","platform":"Facebook","type":"post","location":"GAMMA","content":"What are your thoughts on the biolabs?","metadata":{"tags":{"1":"biolab"},"views":0,"shares":0,"likes":0,"popularity":0.0}}