cade_multirun_campaigns_0  (count:1,prob:1f)
	cade_multirun_campaigns_02_1  (count:1,prob:1f)
		Top  (count:1,prob:1f)
			Top_1  (count:1,prob:1f)
				Top_1_MentalAction  (count:1,prob:1f)
				Run_All_Campaigns  (count:1,prob:1f)
					Run_All_Campaigns_1  (count:1,prob:1f)
						Run_All_Campaigns_1_MentalAction  (count:1,prob:1f)
						Run_Campaign  (count:15,prob:1f)
							Run_Campaign_1  (count:29,prob:1f)
								Setup_Audience  (count:29,prob:1f)
									Setup_Audience_1  (count:29,prob:1f)
										Setup_Audience_1_MentalAction  (count:36,prob:1f)
										Print_Audience  (count:15,prob:0.51724136f)
								Start_Campaign  (count:15,prob:1f)
									Start_Campaign_1  (count:6,prob:0.4f)
										Print_Camp_Start  (count:6,prob:0.4f)
										Pick_Actor  (count:6,prob:0.4f)
											Pick_Actor_1  (count:6,prob:0.4f)
												Pick_Actor_1_MentalAction  (count:6,prob:0.4f)
												Pick_Source  (count:6,prob:0.4f)
													Pick_Source_4  (count:1,prob:0.06666667f)
														Pick_Source_4_MentalAction  (count:1,prob:0.06666667f)
													Pick_Source_1  (count:4,prob:0.26666668f)
														Pick_Source_1_MentalAction  (count:4,prob:0.26666668f)
													Pick_Source_3  (count:1,prob:0.06666667f)
														Pick_Source_3_MentalAction  (count:1,prob:0.06666667f)
										Print_Camp_Actor  (count:6,prob:0.4f)
										Campaign_Biolab  (count:6,prob:0.4f)
											Campaign_Biolab_1  (count:6,prob:0.4f)
												Biolab_FacebookUser  (count:6,prob:0.4f)
													Biolab_FacebookUser_1  (count:6,prob:0.4f)
														Biolab_FacebookUser_1_MentalAction  (count:6,prob:0.4f)
														Facebook_User_CreateAccount  (count:6,prob:0.4f)
															Facebook_User_CreateAccount_1  (count:6,prob:0.4f)
																Facebook_User_CreateAccount_1_MentalAction  (count:6,prob:0.4f)
																Json_Edit_Write  (count:6,prob:0.4f)
																Print_Data  (count:6,prob:0.4f)
														Facebook_User_FollowExistingUsers  (count:6,prob:0.4f)
															Facebook_User_FollowExistingUsers_1  (count:6,prob:0.4f)
																Facebook_User_FollowExistingUsers_1_MentalAction  (count:6,prob:0.4f)
																Json_Edit_Write  (count:6,prob:0.4f)
																Print_Data  (count:6,prob:0.4f)
														Facebook_User_NeutralizeFollowers  (count:6,prob:0.4f)
															Facebook_User_NeutralizeFollowers_1  (count:6,prob:0.4f)
																Facebook_User_NeutralizeFollowers_1_MentalAction  (count:6,prob:0.4f)
																Json_Edit_Write  (count:6,prob:0.4f)
																Print_Data  (count:6,prob:0.4f)
														Facebook_User_EngageFollowersAttention  (count:6,prob:0.4f)
															Facebook_User_EngageFollowersAttention_1  (count:6,prob:0.4f)
																Facebook_User_EngageFollowersAttention_1_MentalAction  (count:6,prob:0.4f)
																Json_Edit_Write  (count:6,prob:0.4f)
																Print_Data  (count:6,prob:0.4f)
														Facebook_User_BoostFollowers  (count:6,prob:0.4f)
															Facebook_User_BoostFollowers_1  (count:6,prob:0.4f)
																Facebook_User_BoostFollowers_1_MentalAction  (count:6,prob:0.4f)
																Json_Edit_Write  (count:6,prob:0.4f)
																Print_Data  (count:6,prob:0.4f)
														Facebook_User_EngageFollowers  (count:6,prob:0.4f)
															Facebook_User_EngageFollowers_1  (count:6,prob:0.4f)
																Facebook_User_EngageFollowers_1_MentalAction  (count:6,prob:0.4f)
																Json_Edit_Write  (count:6,prob:0.4f)
																Print_Data  (count:6,prob:0.4f)
										Print_Camp_End  (count:6,prob:0.4f)
									Start_Campaign_2  (count:9,prob:0.6f)
										Print_Camp_Start  (count:9,prob:0.6f)
										Pick_Actor  (count:9,prob:0.6f)
											Pick_Actor_1  (count:9,prob:0.6f)
												Pick_Actor_1_MentalAction  (count:9,prob:0.6f)
												Pick_Source  (count:9,prob:0.6f)
													Pick_Source_3  (count:3,prob:0.2f)
														Pick_Source_3_MentalAction  (count:3,prob:0.2f)
													Pick_Source_2  (count:3,prob:0.2f)
														Pick_Source_2_MentalAction  (count:3,prob:0.2f)
													Pick_Source_1  (count:3,prob:0.2f)
														Pick_Source_1_MentalAction  (count:3,prob:0.2f)
										Print_Camp_Actor  (count:9,prob:0.6f)
										Campaign_NeoNazi  (count:9,prob:0.6f)
											Campaign_NeoNazi_1  (count:9,prob:0.6f)
												NeoNazi_SaviorNarrative  (count:9,prob:0.6f)
													NeoNazi_SaviorNarrative_1  (count:9,prob:0.6f)
														NeoNazi_FacebookUser  (count:9,prob:0.6f)
															NeoNazi_FacebookUser_1  (count:9,prob:0.6f)
																NeoNazi_FacebookUser_1_MentalAction  (count:9,prob:0.6f)
																Facebook_User_CreateAccount  (count:9,prob:0.6f)
																	Facebook_User_CreateAccount_1  (count:9,prob:0.6f)
																		Facebook_User_CreateAccount_1_MentalAction  (count:9,prob:0.6f)
																		Json_Edit_Write  (count:9,prob:0.6f)
																		Print_Data  (count:9,prob:0.6f)
																Facebook_User_FollowExistingUsers  (count:9,prob:0.6f)
																	Facebook_User_FollowExistingUsers_1  (count:9,prob:0.6f)
																		Facebook_User_FollowExistingUsers_1_MentalAction  (count:9,prob:0.6f)
																		Json_Edit_Write  (count:9,prob:0.6f)
																		Print_Data  (count:9,prob:0.6f)
																Facebook_User_DismayFollowers  (count:9,prob:0.6f)
																	Facebook_User_DismayFollowers_1  (count:9,prob:0.6f)
																		Facebook_User_DismayFollowers_1_MentalAction  (count:9,prob:0.6f)
																		Json_Edit_Write  (count:9,prob:0.6f)
																		Print_Data  (count:9,prob:0.6f)
																Facebook_User_EngageFollowersAttention  (count:9,prob:0.6f)
																	Facebook_User_EngageFollowersAttention_1  (count:9,prob:0.6f)
																		Facebook_User_EngageFollowersAttention_1_MentalAction  (count:9,prob:0.6f)
																		Json_Edit_Write  (count:9,prob:0.6f)
																		Print_Data  (count:9,prob:0.6f)
																Facebook_User_NukeFollowers  (count:9,prob:0.6f)
																	Facebook_User_NukeFollowers_1  (count:9,prob:0.6f)
																		Facebook_User_NukeFollowers_1_MentalAction  (count:9,prob:0.6f)
																		Json_Edit_Write  (count:9,prob:0.6f)
																		Print_Data  (count:9,prob:0.6f)
										Print_Camp_End  (count:9,prob:0.6f)
								Print_Camp_Finished  (count:15,prob:0.51724136f)
